<?xml version="1.0" encoding="UTF-8"?>
<testng-results skipped="0" failed="0" total="0" passed="0">
  <reporter-output>
  </reporter-output>
  <suite name="com.qait.runner.Runner" duration-ms="2" started-at="2019-09-17T08:10:48Z" finished-at="2019-09-17T08:10:48Z">
    <groups>
    </groups>
    <test name="Command line test" duration-ms="2" started-at="2019-09-17T08:10:48Z" finished-at="2019-09-17T08:10:48Z">
    </test> <!-- Command line test -->
  </suite> <!-- com.qait.runner.Runner -->
</testng-results>
